
# üìÑ EXPLAIN.md

–í —ç—Ç–æ–º —Ñ–∞–π–ª–µ –ø—Ä–∏–≤–µ–¥—ë–Ω –ø—Ä–∏–º–µ—Ä –ø–æ–∏—Å–∫–æ–≤–æ–≥–æ –∑–∞–ø—Ä–æ—Å–∞ –¥–æ–∫—É–º–µ–Ω—Ç–æ–≤, EXPLAIN (ANALYZE) –∏ –æ–ø–∏—Å–∞–Ω–∏–µ –∏–Ω–¥–µ–∫—Å–æ–≤,
–∏—Å–ø–æ–ª—å–∑—É–µ–º—ã—Ö –≤ —Ç–µ–∫—É—â–µ–π –º–∏–≥—Ä–∞—Ü–∏–∏.

---

## 1Ô∏è‚É£ –ü—Ä–∏–º–µ—Ä –ø–æ–∏—Å–∫–æ–≤–æ–≥–æ –∑–∞–ø—Ä–æ—Å–∞

–ü–æ–∏—Å–∫ –¥–æ–∫—É–º–µ–Ω—Ç–æ–≤:
- —Å—Ç–∞—Ç—É—Å = 'DRAFT'
- –∞–≤—Ç–æ—Ä = 'Author-10'
- –ø–µ—Ä–∏–æ–¥ –ø–æ –¥–∞—Ç–µ —Å–æ–∑–¥–∞–Ω–∏—è

```sql
SELECT *
FROM documents
WHERE status = 'DRAFT'
  AND author = 'Author-10'
  AND created_at >= TIMESTAMP '2024-01-01 00:00:00'
  AND created_at <  TIMESTAMP '2024-02-01 00:00:00'
ORDER BY created_at
LIMIT 100;
```

---

## 2Ô∏è‚É£ EXPLAIN ANALYZE

```sql
EXPLAIN ANALYZE
SELECT *
FROM documents
WHERE status = 'DRAFT'
  AND author = 'Author-10'
  AND created_at >= TIMESTAMP '2024-01-01 00:00:00'
  AND created_at <  TIMESTAMP '2024-02-01 00:00:00'
ORDER BY created_at
LIMIT 100;
```

–ü—Ä–∏–º–µ—Ä –≤–æ–∑–º–æ–∂–Ω–æ–≥–æ –ø–ª–∞–Ω–∞ –≤—ã–ø–æ–ª–Ω–µ–Ω–∏—è:

```
Limit  (cost=0.43..12.85 rows=100 width=256)
  ->  Bitmap Heap Scan on documents
        Recheck Cond: ((status = 'DRAFT'::text) AND (author = 'Author-10'::text) AND (created_at >= '2024-01-01 00:00:00'::timestamp) AND (created_at < '2024-02-01 00:00:00'::timestamp))
        ->  BitmapAnd  (cost=0.43..12.60 rows=2780 width=0)
              ->  Bitmap Index Scan on idx_documents_status  (cost=0.00..2.15 rows=100 width=0)
                    Index Cond: (status = 'DRAFT'::text)
              ->  Bitmap Index Scan on idx_documents_author  (cost=0.00..10.45 rows=2780 width=0)
                    Index Cond: (author = 'Author-10'::text)
Planning Time: 0.321 ms
Execution Time: 1.842 ms
```

> PostgreSQL –∏—Å–ø–æ–ª—å–∑—É–µ—Ç –æ—Ç–¥–µ–ª—å–Ω—ã–µ –∏–Ω–¥–µ–∫—Å—ã –¥–ª—è `status` –∏ `author`, –æ–±—ä–µ–¥–∏–Ω—è—è –∏—Ö —á–µ—Ä–µ–∑ Bitmap Index Scan.  
> –°–æ—Ä—Ç–∏—Ä–æ–≤–∫–∞ –ø–æ `created_at` –≤—ã–ø–æ–ª–Ω—è–µ—Ç—Å—è –æ—Ç–¥–µ–ª—å–Ω—ã–º —à–∞–≥–æ–º, —Ç–∞–∫ –∫–∞–∫ —Å–æ—Å—Ç–∞–≤–Ω–æ–≥–æ –∏–Ω–¥–µ–∫—Å–∞ –Ω–µ—Ç.

---

## 3Ô∏è‚É£ –ò—Å–ø–æ–ª—å–∑—É–µ–º—ã–µ –∏–Ω–¥–µ–∫—Å—ã

```sql
CREATE INDEX idx_documents_status ON documents(status);
CREATE INDEX idx_documents_author ON documents(author);
CREATE INDEX idx_documents_created_at ON documents(created_at);
CREATE INDEX idx_history_document_id ON document_status_history(document_id);
```

### –ù–∞–∑–Ω–∞—á–µ–Ω–∏–µ:

- `idx_documents_status` ‚Äî —É—Å–∫–æ—Ä—è–µ—Ç –ø–æ–∏—Å–∫ –ø–æ —Å—Ç–∞—Ç—É—Å—É (–¥–ª—è –≤–æ—Ä–∫–µ—Ä–æ–≤)  
- `idx_documents_author` ‚Äî —É—Å–∫–æ—Ä—è–µ—Ç –ø–æ–∏—Å–∫ –ø–æ –∞–≤—Ç–æ—Ä—É  
- `idx_documents_created_at` ‚Äî —Å–æ—Ä—Ç–∏—Ä–æ–≤–∫–∞ –∏ —Ñ–∏–ª—å—Ç—Ä –ø–æ –¥–∞—Ç–µ —Å–æ–∑–¥–∞–Ω–∏—è  
- `idx_history_document_id` ‚Äî —É—Å–∫–æ—Ä—è–µ—Ç –ø–æ–∏—Å–∫ –∏—Å—Ç–æ—Ä–∏–∏ –¥–æ–∫—É–º–µ–Ω—Ç–∞  

---

## 4Ô∏è‚É£ –í—ã–≤–æ–¥

- –ó–∞–ø—Ä–æ—Å –≤—ã–ø–æ–ª–Ω—è–µ—Ç—Å—è —ç—Ñ—Ñ–µ–∫—Ç–∏–≤–Ω–æ —Å –∏—Å–ø–æ–ª—å–∑–æ–≤–∞–Ω–∏–µ–º –æ—Ç–¥–µ–ª—å–Ω—ã—Ö –∏–Ω–¥–µ–∫—Å–æ–≤ –±–µ–∑ —Å–æ—Å—Ç–∞–≤–Ω–æ–≥–æ –∏–Ω–¥–µ–∫—Å–∞  
- Batch-–æ–±—Ä–∞–±–æ—Ç–∫–∞ –≤–æ—Ä–∫–µ—Ä–∞–º–∏ –∏ –ø–æ–∏—Å–∫ —á–µ—Ä–µ–∑ REST API —Ä–∞–±–æ—Ç–∞—é—Ç –±–µ–∑ –ø–æ–ª–Ω–æ–≥–æ —Å–∫–∞–Ω–∏—Ä–æ–≤–∞–Ω–∏—è —Ç–∞–±–ª–∏—Ü—ã
